<?xml version="1.0" encoding="UTF-8" ?>
<testsuites>
  <testsuite errors="0" failures="0" id="0" name="serial_scripts" package="" skipped="0" tests="14" time="3779.805">
    <testcase classname="serial_scripts.k8s_auth.test_policy_combo.TestPolicyCombo" name="TestPolicyCombo.test_only_pods_and_deployments_create" time="20.606" />

    <testcase classname="serial_scripts.k8s_auth.test_policy_combo.TestPolicyCombo" name="TestPolicyCombo.test_only_pods_and_deployments_delete" time="22.337" />

    <testcase classname="serial_scripts.k8s_auth.test_policy_combo.TestPolicyCombo" name="TestPolicyCombo.test_only_pods_deployments_services_in_easy_ns" time="54.835" />

    <testcase classname="serial_scripts.k8s_auth.test_policy_combo.TestPolicyCombo" name="TestPolicyCombo.test_only_service_in_zomsrc_ns" time="42.757" />

    <testcase classname="serial_scripts.k8s_auth.test_resource.TestResource" name="TestResource.test_all_operations_for_admin_project_domain" time="461.384" />

    <testcase classname="serial_scripts.k8s_auth.test_resource.TestResource" name="TestResource.test_all_operations_for_custom_user_project_domain" time="716.717" />

    <testcase classname="serial_scripts.k8s_auth.test_resource.TestResourceCustom" name="TestResourceCustom.test_deployment_with_all_operations_for_custom_user_project_domain" time="464.578" />

    <testcase classname="serial_scripts.k8s_auth.test_resource.TestResourceCustom" name="TestResourceCustom.test_pod_with_all_operations_for_custom_user_project_domain" time="395.388" />

    <testcase classname="serial_scripts.k8s_auth.test_restart.TestRestart" name="TestRestart.test_all_operations_for_admin_project_domain_with_agent_restart" time="428.510" />

    <testcase classname="serial_scripts.k8s_auth.test_restart.TestRestart" name="TestRestart.test_all_operations_for_admin_project_domain_with_kube_manager_restart" time="50.400" />

    <testcase classname="serial_scripts.k8s_auth.test_restart.TestRestart" name="TestRestart.test_all_operations_for_custom_user_project_domain_with_agent_restart" time="194.963" />

    <testcase classname="serial_scripts.k8s_auth.test_restart.TestRestart" name="TestRestart.test_all_operations_for_custom_user_project_domain_with_kube_manager_restart" time="269.336" />

    <testcase classname="serial_scripts.k8s_auth.test_restart.TestRestart" name="TestRestart.test_pod_with_all_operations_for_custom_user_project_domain_with_agent_restart" time="239.132" />

    <testcase classname="serial_scripts.k8s_auth.test_restart.TestRestart" name="TestRestart.test_pod_with_all_operations_for_custom_user_project_domain_with_kube_manager_restart" time="130.397" />

  </testsuite>
  <testsuite errors="0" failures="0" id="1" name="" package="" skipped="0" tests="0" time="3.860">
    <properties>
      <property name="LogsLocation" value="http://10.204.216.50/Docs/logs/2011-102_2020_12_17_09_01_56/logs/" />
      <property name="Build" value="2011-102" />
      <property name="Report" value="http://10.204.216.50/Docs/logs/2011-102_2020_12_17_09_01_56/junit-noframes.html" />
      <property name="Topology" value="&lt;br/&gt;DISTRO : &quot;Ubuntu 18.04.5 LTS&quot; &lt;br/&gt;SKU :  &lt;br/&gt;Config Nodes : [&apos;noden20&apos;, &apos;noden29&apos;, &apos;nodei34&apos;] &lt;br/&gt;Control Nodes : [&apos;noden20&apos;, &apos;noden29&apos;, &apos;nodei34&apos;] &lt;br/&gt;Compute Nodes : [&apos;noden19&apos;, &apos;nodec9&apos;] &lt;br/&gt;Openstack Node : [&apos;noden20&apos;, &apos;nodei34&apos;] &lt;br/&gt;WebUI Node : [&apos;noden20&apos;, &apos;noden29&apos;, &apos;nodei34&apos;] &lt;br/&gt;Analytics Nodes : [&apos;noden20&apos;, &apos;noden29&apos;, &apos;nodei34&apos;] &lt;br/&gt;Database Nodes : [&apos;noden20&apos;, &apos;noden29&apos;, &apos;nodei34&apos;] &lt;br/&gt;Physical Devices : [&apos;&apos;] &lt;br/&gt;" />
      <property name="cores" value="{&apos;192.168.7.20&apos;: [], &apos;192.168.7.29&apos;: [], &apos;192.168.7.34&apos;: [], &apos;192.168.7.19&apos;: [], &apos;192.168.7.9&apos;: []}" />
    </properties>
  </testsuite>
</testsuites>
