<testsuite errors="0" failures="0" name="" skipped="0" tests="0" time="3.860">
<properties><property name="LogsLocation" value="http://10.204.216.50/Docs/logs/2011-102_2020_12_17_09_01_56/logs/" /><property name="Build" value="2011-102" /><property name="Report" value="http://10.204.216.50/Docs/logs/2011-102_2020_12_17_09_01_56/junit-noframes.html" /><property name="Topology" value="&lt;br/&gt;DISTRO : &quot;Ubuntu 18.04.5 LTS&quot; &lt;br/&gt;SKU :  &lt;br/&gt;Config Nodes : ['noden20', 'noden29', 'nodei34'] &lt;br/&gt;Control Nodes : ['noden20', 'noden29', 'nodei34'] &lt;br/&gt;Compute Nodes : ['noden19', 'nodec9'] &lt;br/&gt;Openstack Node : ['noden20', 'nodei34'] &lt;br/&gt;WebUI Node : ['noden20', 'noden29', 'nodei34'] &lt;br/&gt;Analytics Nodes : ['noden20', 'noden29', 'nodei34'] &lt;br/&gt;Database Nodes : ['noden20', 'noden29', 'nodei34'] &lt;br/&gt;Physical Devices : [''] &lt;br/&gt;" /><property name="cores" value="{'192.168.7.20': [], '192.168.7.29': [], '192.168.7.34': [], '192.168.7.19': [], '192.168.7.9': []}" /></properties></testsuite>